<?xml version="1.0" encoding="UTF-8"?>
<!-- Generated by org.testng.reporters.JUnitXMLReporter -->
<testsuite ignored="0" hostname="Ahmet-Mac-mini.local" failures="0" tests="3" name="YaddressTests" time="3.618" errors="0" timestamp="2020-01-20T02:26:39 EET">
  <testcase classname="payworks.rest.Automation.AppTest" name="test_0001_ExactAddress" time="1.894"/>
  <testcase classname="payworks.rest.Automation.AppTest" name="test_0001_ExactAddress" time="0.456"/>
  <testcase classname="payworks.rest.Automation.AppTest" name="test_0001_ExactAddress" time="0.467"/>
</testsuite> <!-- YaddressTests -->
