<?xml version="1.0" encoding="UTF-8"?>
<!-- Generated by org.testng.reporters.JUnitXMLReporter -->
<testsuite ignored="0" hostname="Ahmet-Mac-mini.local" failures="0" tests="7" name="Default test" time="5.832" errors="0" timestamp="2020-01-21T00:06:10 EET">
  <testcase classname="payworks.rest.Automation.test.AppTest" name="yaddressGet" time="2.037"/>
  <testcase classname="payworks.rest.Automation.test.AppTest" name="yaddressGet" time="0.458"/>
  <testcase classname="payworks.rest.Automation.test.AppTest" name="yaddressGet" time="0.469"/>
  <testcase classname="payworks.rest.Automation.test.AppTest" name="yaddressGet" time="0.442"/>
  <testcase classname="payworks.rest.Automation.test.AppTest" name="yaddressGet" time="0.547"/>
  <testcase classname="payworks.rest.Automation.test.AppTest" name="yaddressGet" time="0.511"/>
  <testcase classname="payworks.rest.Automation.test.AppTest" name="yaddressGet" time="0.509"/>
</testsuite> <!-- Default test -->
