<?xml version="1.0" encoding="UTF-8"?>
<!-- Generated by org.testng.reporters.JUnitXMLReporter -->
<testsuite ignored="0" hostname="Ahmet-Mac-mini.local" failures="0" tests="6" name="Default test" time="5.242" errors="0" timestamp="2020-01-20T02:35:35 EET">
  <testcase classname="payworks.rest.Automation.AppTest" name="test" time="2.007"/>
  <testcase classname="payworks.rest.Automation.AppTest" name="test" time="0.613"/>
  <testcase classname="payworks.rest.Automation.AppTest" name="test" time="0.441"/>
  <testcase classname="payworks.rest.Automation.AppTest" name="test" time="0.476"/>
  <testcase classname="payworks.rest.Automation.AppTest" name="test" time="0.418"/>
  <testcase classname="payworks.rest.Automation.AppTest" name="test" time="0.507"/>
</testsuite> <!-- Default test -->
