<?xml version="1.0" encoding="UTF-8"?>
<!-- Generated by org.testng.reporters.JUnitXMLReporter -->
<testsuite ignored="0" hostname="Ahmet-Mac-mini.local" failures="0" tests="4" name="TestRestfulBooker" time="4.221" errors="0" timestamp="2020-01-19T23:27:39 EET">
  <testcase classname="payworks.rest.Automation.AppTest" name="test_0001_ExactAddress" time="1.694"/>
  <testcase classname="payworks.rest.Automation.AppTest" name="test_0002_invalidFormat" time="0.625"/>
  <testcase classname="payworks.rest.Automation.AppTest" name="test_0003_noSuchHouseNumberInStreet" time="0.619"/>
  <testcase classname="payworks.rest.Automation.AppTest" name="test_0004_correctAddressCityCenterTest" time="0.5"/>
</testsuite> <!-- TestRestfulBooker -->
