<?xml version="1.0" encoding="UTF-8"?>
<testsuite xmlns:xsi="http://www.w3.org/2001/XMLSchema-instance" xsi:noNamespaceSchemaLocation="https://maven.apache.org/surefire/maven-surefire-plugin/xsd/surefire-test-report-3.0.xsd" version="3.0" name="TestSuite" time="5.616" tests="6" errors="0" skipped="0" failures="0">
  <properties>
[...]
</properties>
  <testcase name="yaddressGet" classname="payworks.rest.Automation.test.AppTest" time="1.982"/>
  <testcase name="yaddressGet" classname="payworks.rest.Automation.test.AppTest" time="0.437"/>
  <testcase name="yaddressGet" classname="payworks.rest.Automation.test.AppTest" time="0.442"/>
  <testcase name="yaddressGet" classname="payworks.rest.Automation.test.AppTest" time="0.446"/>
  <testcase name="yaddressGet" classname="payworks.rest.Automation.test.AppTest" time="0.442"/>
  <testcase name="yaddressGet" classname="payworks.rest.Automation.test.AppTest" time="0.551"/>
</testsuite>