<?xml version="1.0" encoding="UTF-8"?>
<testng-results ignored="0" total="6" passed="6" failed="0" skipped="0">
  <reporter-output>
  </reporter-output>
  <suite started-at="2020-01-20T03:02:05 EET" name="payworks.rest.Automation" finished-at="2020-01-20T03:02:10 EET" duration-ms="5061">
    <groups>
    </groups>
    <test started-at="2020-01-20T03:02:05 EET" name="YaddressTests" finished-at="2020-01-20T03:02:10 EET" duration-ms="5061">
      <class name="payworks.rest.Automation.test.AppTest">
        <test-method is-config="true" signature="initSpec()[pri:0, instance:payworks.rest.Automation.test.AppTest@5606c0b]" started-at="2020-01-20T03:02:05 EET" name="initSpec" finished-at="2020-01-20T03:02:06 EET" duration-ms="717" status="PASS">
          <reporter-output>
          </reporter-output>
        </test-method> <!-- initSpec -->
        <test-method signature="yaddressGet(java.lang.String, java.lang.String, java.lang.String, java.lang.String, payworks.rest.Automation.AddressEnums$ErrorCode, payworks.rest.Automation.AddressEnums$GeoPrecision)[pri:0, instance:payworks.rest.Automation.test.AppTest@5606c0b]" started-at="2020-01-20T03:02:06 EET" name="yaddressGet" data-provider="api-data-provider" finished-at="2020-01-20T03:02:08 EET" duration-ms="1980" status="PASS">
          <params>
            <param index="0">
              <value>
                <![CDATA[0001_ExactAddress]]>
              </value>
            </param>
            <param index="1">
              <value>
                <![CDATA[]]>
              </value>
            </param>
            <param index="2">
              <value>
                <![CDATA[506 Fourth Avenue Unit 1]]>
              </value>
            </param>
            <param index="3">
              <value>
                <![CDATA[Asbury Prk NJ]]>
              </value>
            </param>
            <param index="4">
              <value>
                <![CDATA[NO_ERROR]]>
              </value>
            </param>
            <param index="5">
              <value>
                <![CDATA[EXACT_ADDRESS]]>
              </value>
            </param>
          </params>
          <reporter-output>
          </reporter-output>
        </test-method> <!-- yaddressGet -->
        <test-method signature="yaddressGet(java.lang.String, java.lang.String, java.lang.String, java.lang.String, payworks.rest.Automation.AddressEnums$ErrorCode, payworks.rest.Automation.AddressEnums$GeoPrecision)[pri:0, instance:payworks.rest.Automation.test.AppTest@5606c0b]" started-at="2020-01-20T03:02:08 EET" name="yaddressGet" data-provider="api-data-provider" finished-at="2020-01-20T03:02:08 EET" duration-ms="438" status="PASS">
          <params>
            <param index="0">
              <value>
                <![CDATA[0002_invalidFormat]]>
              </value>
            </param>
            <param index="1">
              <value>
                <![CDATA[]]>
              </value>
            </param>
            <param index="2">
              <value>
                <![CDATA[506 Fourth Avenue Unit 1]]>
              </value>
            </param>
            <param index="3">
              <value>
                <![CDATA[]]>
              </value>
            </param>
            <param index="4">
              <value>
                <![CDATA[INVALID_FORMAT]]>
              </value>
            </param>
            <param index="5">
              <value>
                <![CDATA[LOCATION_NOT_DETERMINED]]>
              </value>
            </param>
          </params>
          <reporter-output>
          </reporter-output>
        </test-method> <!-- yaddressGet -->
        <test-method signature="yaddressGet(java.lang.String, java.lang.String, java.lang.String, java.lang.String, payworks.rest.Automation.AddressEnums$ErrorCode, payworks.rest.Automation.AddressEnums$GeoPrecision)[pri:0, instance:payworks.rest.Automation.test.AppTest@5606c0b]" started-at="2020-01-20T03:02:08 EET" name="yaddressGet" data-provider="api-data-provider" finished-at="2020-01-20T03:02:09 EET" duration-ms="441" status="PASS">
          <params>
            <param index="0">
              <value>
                <![CDATA[0003_noSuchHouseNumberInStreet]]>
              </value>
            </param>
            <param index="1">
              <value>
                <![CDATA[]]>
              </value>
            </param>
            <param index="2">
              <value>
                <![CDATA[506 Avenue Unit 1]]>
              </value>
            </param>
            <param index="3">
              <value>
                <![CDATA[Asbury Prk NJ]]>
              </value>
            </param>
            <param index="4">
              <value>
                <![CDATA[NO_SUCH_HOUSE_NUMBER_IN_STREET]]>
              </value>
            </param>
            <param index="5">
              <value>
                <![CDATA[NEAREST_STREET_BLOCK]]>
              </value>
            </param>
          </params>
          <reporter-output>
          </reporter-output>
        </test-method> <!-- yaddressGet -->
        <test-method signature="yaddressGet(java.lang.String, java.lang.String, java.lang.String, java.lang.String, payworks.rest.Automation.AddressEnums$ErrorCode, payworks.rest.Automation.AddressEnums$GeoPrecision)[pri:0, instance:payworks.rest.Automation.test.AppTest@5606c0b]" started-at="2020-01-20T03:02:09 EET" name="yaddressGet" data-provider="api-data-provider" finished-at="2020-01-20T03:02:09 EET" duration-ms="445" status="PASS">
          <params>
            <param index="0">
              <value>
                <![CDATA[0004_correctAddressCityCenterTest]]>
              </value>
            </param>
            <param index="1">
              <value>
                <![CDATA[]]>
              </value>
            </param>
            <param index="2">
              <value>
                <![CDATA[]]>
              </value>
            </param>
            <param index="3">
              <value>
                <![CDATA[Asbury Prk NJ]]>
              </value>
            </param>
            <param index="4">
              <value>
                <![CDATA[NO_ERROR]]>
              </value>
            </param>
            <param index="5">
              <value>
                <![CDATA[CITY_CENTER]]>
              </value>
            </param>
          </params>
          <reporter-output>
          </reporter-output>
        </test-method> <!-- yaddressGet -->
        <test-method signature="yaddressGet(java.lang.String, java.lang.String, java.lang.String, java.lang.String, payworks.rest.Automation.AddressEnums$ErrorCode, payworks.rest.Automation.AddressEnums$GeoPrecision)[pri:0, instance:payworks.rest.Automation.test.AppTest@5606c0b]" started-at="2020-01-20T03:02:09 EET" name="yaddressGet" data-provider="api-data-provider" finished-at="2020-01-20T03:02:10 EET" duration-ms="442" status="PASS">
          <params>
            <param index="0">
              <value>
                <![CDATA[0005_streetNotFoundInZipCode]]>
              </value>
            </param>
            <param index="1">
              <value>
                <![CDATA[]]>
              </value>
            </param>
            <param index="2">
              <value>
                <![CDATA[123 St]]>
              </value>
            </param>
            <param index="3">
              <value>
                <![CDATA[Asbury Prk NJ]]>
              </value>
            </param>
            <param index="4">
              <value>
                <![CDATA[STREET_NOT_FOUND_IN_ZIP_OR_CITY]]>
              </value>
            </param>
            <param index="5">
              <value>
                <![CDATA[CITY_CENTER]]>
              </value>
            </param>
          </params>
          <reporter-output>
          </reporter-output>
        </test-method> <!-- yaddressGet -->
        <test-method signature="yaddressGet(java.lang.String, java.lang.String, java.lang.String, java.lang.String, payworks.rest.Automation.AddressEnums$ErrorCode, payworks.rest.Automation.AddressEnums$GeoPrecision)[pri:0, instance:payworks.rest.Automation.test.AppTest@5606c0b]" started-at="2020-01-20T03:02:10 EET" name="yaddressGet" data-provider="api-data-provider" finished-at="2020-01-20T03:02:10 EET" duration-ms="551" status="PASS">
          <params>
            <param index="0">
              <value>
                <![CDATA[0006_cityNotFoundInState]]>
              </value>
            </param>
            <param index="1">
              <value>
                <![CDATA[]]>
              </value>
            </param>
            <param index="2">
              <value>
                <![CDATA[506 Avenue Unit 1]]>
              </value>
            </param>
            <param index="3">
              <value>
                <![CDATA[Hams NJ]]>
              </value>
            </param>
            <param index="4">
              <value>
                <![CDATA[CITY_NOT_FOUND]]>
              </value>
            </param>
            <param index="5">
              <value>
                <![CDATA[CENTER_OF_STATE]]>
              </value>
            </param>
          </params>
          <reporter-output>
          </reporter-output>
        </test-method> <!-- yaddressGet -->
      </class> <!-- payworks.rest.Automation.test.AppTest -->
    </test> <!-- YaddressTests -->
  </suite> <!-- payworks.rest.Automation -->
</testng-results>
