<?xml version="1.0" encoding="UTF-8"?>
<!-- Generated by org.testng.reporters.JUnitXMLReporter -->
<testsuite ignored="0" hostname="Ahmet-Mac-mini.local" failures="0" tests="6" name="YaddressTests" time="5.061" errors="0" timestamp="2020-01-20T03:02:10 EET">
  <testcase classname="payworks.rest.Automation.test.AppTest" name="yaddressGet" time="1.98"/>
  <testcase classname="payworks.rest.Automation.test.AppTest" name="yaddressGet" time="0.438"/>
  <testcase classname="payworks.rest.Automation.test.AppTest" name="yaddressGet" time="0.441"/>
  <testcase classname="payworks.rest.Automation.test.AppTest" name="yaddressGet" time="0.445"/>
  <testcase classname="payworks.rest.Automation.test.AppTest" name="yaddressGet" time="0.442"/>
  <testcase classname="payworks.rest.Automation.test.AppTest" name="yaddressGet" time="0.551"/>
</testsuite> <!-- YaddressTests -->
